<?xml version="1.0" encoding="UTF-8"?>
<!-- Generated by org.testng.reporters.JUnitReportReporter -->
<testsuite hostname="LAPTOP-OTOBB2NA" failures="0" tests="1" name="com.actitime.testscripts.CustomerModule" time="71.551" errors="0" timestamp="22 May 2023 16:09:03 GMT" skipped="0">
  <testcase classname="com.actitime.testscripts.CustomerModule" name="testCreateCustomer" time="71.551"/>
</testsuite> <!-- com.actitime.testscripts.CustomerModule -->
